<?xml version="1.0" encoding="UTF-8"?>
<testsuite xmlns:xsi="http://www.w3.org/2001/XMLSchema-instance" xsi:noNamespaceSchemaLocation="https://maven.apache.org/surefire/maven-surefire-plugin/xsd/surefire-test-report-3.0.xsd" version="3.0" name="org.yourcompany.yourproject.TaskTest" time="20.579" tests="9" errors="0" skipped="0" failures="2">
  <properties>
[...]
</properties>
  <testcase name="testDeleteTaskByName" classname="org.yourcompany.yourproject.TaskTest" time="2.883"/>
  <testcase name="testReturnTotalHours" classname="org.yourcompany.yourproject.TaskTest" time="3.601"/>
  <testcase name="testDisplayReport" classname="org.yourcompany.yourproject.TaskTest" time="2.078">
    <failure type="org.opentest4j.AssertionFailedError"><![CDATA[org.opentest4j.AssertionFailedError: 
expected: <Task Report:
Task Name: Login Feature
Task ID: LF:1:SON
Description: Create Login to authenticate users
Developer: Robyn Harrison
Duration: 8 hours
Status: To Do

Task Name: Add Task Feature
Task ID: AT:2:ITH
Description: Create Add Task feature
Developer: Mike Smith
Duration: 10 hours
Status: Doing

Task Name: Another Task
Task ID: AT:3:DOE
Description: Some task description
Developer: John Doe
Duration: 12 hours
Status: Done

Task Name: Final Task
Task ID: FT:4:DOE
Description: Another task
Developer: Jane Doe
Duration: 55 hours
Status: In Progress

Task Name: Quick Task
Task ID: QT:5:OWN
Description: Quick task
Developer: Robert Brown
Duration: 1 hours
Status: Completed
> but was: <Task Report:
Task Name: Login Feature
Task ID: LF:1:SON
Description: Create Login to authenticate users
Developer: Robyn Harrison
Duration: 8 hours
Status: To Do

Task Name: Add Task Feature
Task ID: AT:2:ITH
Description: Create Add Task feature to add task users
Developer: Mike Smith
Duration: 10 hours
Status: Doing

Task Name: Another Task
Task ID: AT:3:DOE
Description: Some task description
Developer: John Doe
Duration: 12 hours
Status: Done

Task Name: Final Task
Task ID: FT:4:DOE
Description: Another task
Developer: Jane Doe
Duration: 55 hours
Status: In Progress

Task Name: Quick Task
Task ID: QT:5:OWN
Description: Quick task
Developer: Robert Brown
Duration: 1 hours
Status: Completed

>
	at org.yourcompany.yourproject.TaskTest.testDisplayReport(TaskTest.java:118)
]]></failure>
  </testcase>
  <testcase name="testCheckTaskDescriptionSuccess" classname="org.yourcompany.yourproject.TaskTest" time="2.105"/>
  <testcase name="testFindLongestTask" classname="org.yourcompany.yourproject.TaskTest" time="1.627">
    <failure type="org.opentest4j.AssertionFailedError"><![CDATA[org.opentest4j.AssertionFailedError: Longest task name is incorrect. ==> expected: <Add Task Feature> but was: <Final Task>
	at org.yourcompany.yourproject.TaskTest.testFindLongestTask(TaskTest.java:126)
]]></failure>
  </testcase>
  <testcase name="testPrintTaskDetails" classname="org.yourcompany.yourproject.TaskTest" time="2.021"/>
  <testcase name="testCheckTaskDescriptionFailure" classname="org.yourcompany.yourproject.TaskTest" time="2.379"/>
  <testcase name="testSearchTaskByName" classname="org.yourcompany.yourproject.TaskTest" time="1.558"/>
  <testcase name="testTaskIDGeneration" classname="org.yourcompany.yourproject.TaskTest" time="2.257"/>
</testsuite>